<?xml version="1.0" encoding="UTF-8"?>
<!-- Generated by org.testng.reporters.JUnitReportReporter -->
<testsuite hostname="DESKTOP-E0PSR2P" failures="0" tests="1" name="appium.demo.Helloappium" time="11.344" errors="0" timestamp="2021-04-25T20:20:18 BST" skipped="0">
  <testcase classname="appium.demo.Helloappium" name="openapplication" time="11.344"/>
  <system-out/>
</testsuite> <!-- appium.demo.Helloappium -->
